<?xml version="1.0" encoding="UTF-8"?>
<testng-results ignored="0" total="2" passed="2" failed="0" skipped="0">
  <reporter-output>
    <line>
      <![CDATA[open browser]]>
    </line>
    <line>
      <![CDATA[login]]>
    </line>
    <line>
      <![CDATA[create customer]]>
    </line>
    <line>
      <![CDATA[logout]]>
    </line>
    <line>
      <![CDATA[login]]>
    </line>
    <line>
      <![CDATA[edit customer]]>
    </line>
    <line>
      <![CDATA[logout]]>
    </line>
    <line>
      <![CDATA[close browser]]>
    </line>
  </reporter-output>
  <suite started-at="2024-10-01T20:46:35 IST" name="Default suite" finished-at="2024-10-01T20:46:35 IST" duration-ms="80">
    <groups>
    </groups>
    <test started-at="2024-10-01T20:46:35 IST" name="Default test" finished-at="2024-10-01T20:46:35 IST" duration-ms="80">
      <class name="com.actitime.testscript.CustomerModule">
        <test-method is-config="true" signature="openBrowser()[pri:0, instance:com.actitime.testscript.CustomerModule@6d763516]" started-at="2024-10-01T20:46:35 IST" name="openBrowser" finished-at="2024-10-01T20:46:35 IST" duration-ms="12" status="PASS">
          <reporter-output>
            <line>
              <![CDATA[open browser]]>
            </line>
          </reporter-output>
        </test-method> <!-- openBrowser -->
        <test-method is-config="true" signature="login()[pri:0, instance:com.actitime.testscript.CustomerModule@6d763516]" started-at="2024-10-01T20:46:35 IST" name="login" finished-at="2024-10-01T20:46:35 IST" duration-ms="1" status="PASS">
          <reporter-output>
            <line>
              <![CDATA[login]]>
            </line>
          </reporter-output>
        </test-method> <!-- login -->
        <test-method signature="createcustomer()[pri:0, instance:com.actitime.testscript.CustomerModule@6d763516]" started-at="2024-10-01T20:46:35 IST" name="createcustomer" finished-at="2024-10-01T20:46:35 IST" duration-ms="12" status="PASS">
          <reporter-output>
            <line>
              <![CDATA[create customer]]>
            </line>
          </reporter-output>
        </test-method> <!-- createcustomer -->
        <test-method is-config="true" signature="logout()[pri:0, instance:com.actitime.testscript.CustomerModule@6d763516]" started-at="2024-10-01T20:46:35 IST" name="logout" finished-at="2024-10-01T20:46:35 IST" duration-ms="0" status="PASS">
          <reporter-output>
            <line>
              <![CDATA[logout]]>
            </line>
          </reporter-output>
        </test-method> <!-- logout -->
        <test-method is-config="true" signature="login()[pri:0, instance:com.actitime.testscript.CustomerModule@6d763516]" started-at="2024-10-01T20:46:35 IST" name="login" finished-at="2024-10-01T20:46:35 IST" duration-ms="1" status="PASS">
          <reporter-output>
            <line>
              <![CDATA[login]]>
            </line>
          </reporter-output>
        </test-method> <!-- login -->
        <test-method signature="editcustomer()[pri:0, instance:com.actitime.testscript.CustomerModule@6d763516]" started-at="2024-10-01T20:46:35 IST" name="editcustomer" finished-at="2024-10-01T20:46:35 IST" duration-ms="1" status="PASS">
          <reporter-output>
            <line>
              <![CDATA[edit customer]]>
            </line>
          </reporter-output>
        </test-method> <!-- editcustomer -->
        <test-method is-config="true" signature="logout()[pri:0, instance:com.actitime.testscript.CustomerModule@6d763516]" started-at="2024-10-01T20:46:35 IST" name="logout" finished-at="2024-10-01T20:46:35 IST" duration-ms="1" status="PASS">
          <reporter-output>
            <line>
              <![CDATA[logout]]>
            </line>
          </reporter-output>
        </test-method> <!-- logout -->
        <test-method is-config="true" signature="closeBrowser()[pri:0, instance:com.actitime.testscript.CustomerModule@6d763516]" started-at="2024-10-01T20:46:35 IST" name="closeBrowser" finished-at="2024-10-01T20:46:35 IST" duration-ms="2" status="PASS">
          <reporter-output>
            <line>
              <![CDATA[close browser]]>
            </line>
          </reporter-output>
        </test-method> <!-- closeBrowser -->
      </class> <!-- com.actitime.testscript.CustomerModule -->
    </test> <!-- Default test -->
  </suite> <!-- Default suite -->
</testng-results>
